Using pre-set license
Built from '2021.3/staging' branch; Version is '2021.3.0f1 (6eacc8284459) revision 7253192'; Using compiler version '192829333'; Build Type 'Release'
OS: 'Windows 10  (10.0.19044) 64bit CoreSingleLanguage' Language: 'ru' Physical Memory: 7103 MB
BatchMode: 1, IsHumanControllingUs: 0, StartBugReporterOnCrash: 0, Is64bit: 1, IsPro: 1

COMMAND LINE ARGUMENTS:
C:\Program Files\Unity\Hub\Editor\2021.3.0f1\Editor\Unity.exe
-adb2
-batchMode
-noUpm
-name
AssetImportWorker3
-projectPath
C:/Users/alexp/source/repos/UnityLowPolygonShooter-main
-logFile
Logs/AssetImportWorker3.log
-srvPort
51852
Successfully changed project path to: C:/Users/alexp/source/repos/UnityLowPolygonShooter-main
C:/Users/alexp/source/repos/UnityLowPolygonShooter-main
[UnityMemory] Configuration Parameters - Can be set up in boot.config
    "memorysetup-bucket-allocator-granularity=16"
    "memorysetup-bucket-allocator-bucket-count=8"
    "memorysetup-bucket-allocator-block-size=33554432"
    "memorysetup-bucket-allocator-block-count=8"
    "memorysetup-main-allocator-block-size=16777216"
    "memorysetup-thread-allocator-block-size=16777216"
    "memorysetup-gfx-main-allocator-block-size=16777216"
    "memorysetup-gfx-thread-allocator-block-size=16777216"
    "memorysetup-cache-allocator-block-size=4194304"
    "memorysetup-typetree-allocator-block-size=2097152"
    "memorysetup-profiler-bucket-allocator-granularity=16"
    "memorysetup-profiler-bucket-allocator-bucket-count=8"
    "memorysetup-profiler-bucket-allocator-block-size=33554432"
    "memorysetup-profiler-bucket-allocator-block-count=8"
    "memorysetup-profiler-allocator-block-size=16777216"
    "memorysetup-profiler-editor-allocator-block-size=1048576"
    "memorysetup-temp-allocator-size-main=16777216"
    "memorysetup-job-temp-allocator-block-size=2097152"
    "memorysetup-job-temp-allocator-block-size-background=1048576"
    "memorysetup-job-temp-allocator-reduction-small-platforms=262144"
    "memorysetup-temp-allocator-size-background-worker=32768"
    "memorysetup-temp-allocator-size-job-worker=262144"
    "memorysetup-temp-allocator-size-preload-manager=33554432"
    "memorysetup-temp-allocator-size-nav-mesh-worker=65536"
    "memorysetup-temp-allocator-size-audio-worker=65536"
    "memorysetup-temp-allocator-size-cloud-worker=32768"
    "memorysetup-temp-allocator-size-gi-baking-worker=262144"
    "memorysetup-temp-allocator-size-gfx=262144"
Refreshing native plugins compatible for Editor in 257.47 ms, found 3 plugins.
Preloading 0 native plugins for Editor in 0.00 ms.
Initialize engine version: 2021.3.0f1 (6eacc8284459)
[Subsystems] Discovering subsystems at path C:/Program Files/Unity/Hub/Editor/2021.3.0f1/Editor/Data/Resources/UnitySubsystems
[Subsystems] Discovering subsystems at path C:/Users/alexp/source/repos/UnityLowPolygonShooter-main/Assets
GfxDevice: creating device client; threaded=0; jobified=0
Direct3D:
    Version:  Direct3D 11.0 [level 11.1]
    Renderer: AMD Radeon(TM) Vega 8 Graphics (ID=0x15d8)
    Vendor:   ATI
    VRAM:     3551 MB
    Driver:   26.20.11030.24002
Initialize mono
Mono path[0] = 'C:/Program Files/Unity/Hub/Editor/2021.3.0f1/Editor/Data/Managed'
Mono path[1] = 'C:/Program Files/Unity/Hub/Editor/2021.3.0f1/Editor/Data/MonoBleedingEdge/lib/mono/unityjit-win32'
Mono config path = 'C:/Program Files/Unity/Hub/Editor/2021.3.0f1/Editor/Data/MonoBleedingEdge/etc'
Using monoOptions --debugger-agent=transport=dt_socket,embedding=1,server=y,suspend=n,address=127.0.0.1:56984
Begin MonoManager ReloadAssembly
Registering precompiled unity dll's ...
Register platform support module: C:/Program Files/Unity/Hub/Editor/2021.3.0f1/Editor/Data/PlaybackEngines/WebGLSupport/UnityEditor.WebGL.Extensions.dll
Register platform support module: C:/Program Files/Unity/Hub/Editor/2021.3.0f1/Editor/Data/PlaybackEngines/WindowsStandaloneSupport/UnityEditor.WindowsStandalone.Extensions.dll
Registered in 0.024242 seconds.
Native extension for WindowsStandalone target not found
Native extension for WebGL target not found
Refreshing native plugins compatible for Editor in 334.03 ms, found 3 plugins.
Preloading 0 native plugins for Editor in 0.00 ms.
Mono: successfully reloaded assembly
- Completed reload, in  2.562 seconds
Domain Reload Profiling:
	ReloadAssembly (2564ms)
		BeginReloadAssembly (451ms)
			ExecutionOrderSort (0ms)
			DisableScriptedObjects (0ms)
			BackupInstance (0ms)
			ReleaseScriptingObjects (0ms)
			CreateAndSetChildDomain (3ms)
		EndReloadAssembly (1689ms)
			LoadAssemblies (442ms)
			RebuildTransferFunctionScriptingTraits (0ms)
			SetupTypeCache (374ms)
			ReleaseScriptCaches (0ms)
			RebuildScriptCaches (120ms)
			SetupLoadedEditorAssemblies (991ms)
				LogAssemblyErrors (0ms)
				InitializePlatformSupportModulesInManaged (40ms)
				SetLoadedEditorAssemblies (1ms)
				RefreshPlugins (334ms)
				BeforeProcessingInitializeOnLoad (5ms)
				ProcessInitializeOnLoadAttributes (458ms)
				ProcessInitializeOnLoadMethodAttributes (151ms)
				AfterProcessingInitializeOnLoad (0ms)
				EditorAssembliesLoaded (0ms)
			ExecutionOrderSort2 (0ms)
			AwakeInstancesAfterBackupRestoration (0ms)
Platform modules already initialized, skipping
Registering precompiled user dll's ...
Registered in 0.011283 seconds.
Begin MonoManager ReloadAssembly
Symbol file LoadedFromMemory doesn't match image C:\Users\alexp\source\repos\UnityLowPolygonShooter-main\Library\PackageCache\com.unity.visualscripting@1.7.6\Editor\VisualScripting.Core\Dependencies\YamlDotNet\Unity.VisualScripting.YamlDotNet.dll
Symbol file LoadedFromMemory is not a mono symbol file
Symbol file LoadedFromMemory doesn't match image C:\Users\alexp\source\repos\UnityLowPolygonShooter-main\Library\PackageCache\com.unity.visualscripting@1.7.6\Editor\VisualScripting.Core\Dependencies\DotNetZip\Unity.VisualScripting.IonicZip.dll
Native extension for WindowsStandalone target not found
Native extension for WebGL target not found
Refreshing native plugins compatible for Editor in 1.36 ms, found 3 plugins.
Preloading 0 native plugins for Editor in 0.00 ms.
Mono: successfully reloaded assembly
- Completed reload, in  2.959 seconds
Domain Reload Profiling:
	ReloadAssembly (2961ms)
		BeginReloadAssembly (236ms)
			ExecutionOrderSort (0ms)
			DisableScriptedObjects (12ms)
			BackupInstance (0ms)
			ReleaseScriptingObjects (0ms)
			CreateAndSetChildDomain (42ms)
		EndReloadAssembly (2371ms)
			LoadAssemblies (282ms)
			RebuildTransferFunctionScriptingTraits (0ms)
			SetupTypeCache (785ms)
			ReleaseScriptCaches (1ms)
			RebuildScriptCaches (114ms)
			SetupLoadedEditorAssemblies (1082ms)
				LogAssemblyErrors (0ms)
				InitializePlatformSupportModulesInManaged (16ms)
				SetLoadedEditorAssemblies (1ms)
				RefreshPlugins (2ms)
				BeforeProcessingInitializeOnLoad (239ms)
				ProcessInitializeOnLoadAttributes (742ms)
				ProcessInitializeOnLoadMethodAttributes (66ms)
				AfterProcessingInitializeOnLoad (17ms)
				EditorAssembliesLoaded (0ms)
			ExecutionOrderSort2 (0ms)
			AwakeInstancesAfterBackupRestoration (11ms)
Platform modules already initialized, skipping
========================================================================
Worker process is ready to serve import requests
Launched and connected shader compiler UnityShaderCompiler.exe after 0.14 seconds
Refreshing native plugins compatible for Editor in 1.30 ms, found 3 plugins.
Preloading 0 native plugins for Editor in 0.00 ms.
Unloading 3415 Unused Serialized files (Serialized files now loaded: 0)
Unloading 25 unused Assets / (459.0 KB). Loaded Objects now: 3903.
Memory consumption went from 143.5 MB to 143.0 MB.
Total: 7.366100 ms (FindLiveObjects: 0.556000 ms CreateObjectMapping: 0.158900 ms MarkObjects: 5.852000 ms  DeleteObjects: 0.796100 ms)

AssetImportParameters requested are different than current active one (requested -> active):
  custom:video-decoder-ogg-theora: a1e56fd34408186e4bbccfd4996cb3dc -> 
  custom:container-muxer-webm: aa71ff27fc2769a1b78a27578f13a17b -> 
  custom:container-demuxer-webm: 4f35f7cbe854078d1ac9338744f61a02 -> 
  custom:video-encoder-webm-vp8: eb34c28f22e8b96e1ab97ce403110664 -> 
  custom:video-codec-MediaFoundation-h265: 746d11721c4dcdbdad8f713fa42b33f4 -> 
  custom:audio-encoder-webm-vorbis: bf7c407c2cedff20999df2af8eb42d56 -> 
  custom:framework-win-MediaFoundation: 216162199b28c13a410421893ffa2e32 -> 
  custom:container-demuxer-ogg: 62fdf1f143b41e24485cea50d1cbac27 -> 
  custom:video-decoder-webm-vp8: 9c59270c3fd7afecdb556c50c9e8de78 -> 
  custom:audio-decoder-ogg-vorbis: bf7c407c2cedff20999df2af8eb42d56 -> 
========================================================================
Received Import Request.
  Time since last request: 81505.964700 seconds.
  path: Assets/Stylized Modular Weapons/Geometry/Bottom_Part_02.fbx
  artifactKey: Guid(2534d4956d6b346338f8916d38dc671b) Importer(815301076,1909f56bfc062723c751e8b465ee728b)
Start importing Assets/Stylized Modular Weapons/Geometry/Bottom_Part_02.fbx using Guid(2534d4956d6b346338f8916d38dc671b) Importer(815301076,1909f56bfc062723c751e8b465ee728b)  -> (artifact id: '47145b8a372aeb2efe80e72ec71572a6') in 0.371258 seconds 
========================================================================
Received Import Request.
  Time since last request: 0.000062 seconds.
  path: Assets/Stylized Modular Weapons/Geometry/Handle_02.fbx
  artifactKey: Guid(48fca7a124ff34b3da5b74ae5bc39ee7) Importer(815301076,1909f56bfc062723c751e8b465ee728b)
Start importing Assets/Stylized Modular Weapons/Geometry/Handle_02.fbx using Guid(48fca7a124ff34b3da5b74ae5bc39ee7) Importer(815301076,1909f56bfc062723c751e8b465ee728b)  -> (artifact id: '1d0b8b49e6db1c117e96c67afbe11498') in 0.045366 seconds 
========================================================================
Received Import Request.
  Time since last request: 0.000055 seconds.
  path: Assets/Stylized Modular Weapons/Geometry/Middle_Part_01.fbx
  artifactKey: Guid(61aedcec8b9ad4b11aa14f3be37b5937) Importer(815301076,1909f56bfc062723c751e8b465ee728b)
Start importing Assets/Stylized Modular Weapons/Geometry/Middle_Part_01.fbx using Guid(61aedcec8b9ad4b11aa14f3be37b5937) Importer(815301076,1909f56bfc062723c751e8b465ee728b)  -> (artifact id: '4b36933764ba11142a075bfc8d77cc13') in 0.043002 seconds 
========================================================================
Received Import Request.
  Time since last request: 0.000037 seconds.
  path: Assets/Stylized Modular Weapons/Geometry/Middle_Part_04.fbx
  artifactKey: Guid(2f8e2e723cf0447d7bbdc48081b00b10) Importer(815301076,1909f56bfc062723c751e8b465ee728b)
Start importing Assets/Stylized Modular Weapons/Geometry/Middle_Part_04.fbx using Guid(2f8e2e723cf0447d7bbdc48081b00b10) Importer(815301076,1909f56bfc062723c751e8b465ee728b)  -> (artifact id: 'd0f4a7b48f485436638a5a0a5be58db0') in 0.046127 seconds 
========================================================================
Received Import Request.
  Time since last request: 0.000052 seconds.
  path: Assets/Stylized Modular Weapons/Geometry/Top_Part_03.fbx
  artifactKey: Guid(122a8e71132394bb19801a75bd7532e0) Importer(815301076,1909f56bfc062723c751e8b465ee728b)
Start importing Assets/Stylized Modular Weapons/Geometry/Top_Part_03.fbx using Guid(122a8e71132394bb19801a75bd7532e0) Importer(815301076,1909f56bfc062723c751e8b465ee728b)  -> (artifact id: 'f941557e83ed9cf06cd17749b41bd33a') in 0.042091 seconds 
========================================================================
Received Import Request.
  Time since last request: 2.754814 seconds.
  path: Assets/Stylized Modular Weapons/Materials/SMW_Board.mat
  artifactKey: Guid(6a0e1a50a9a4a4d4c813214752e78398) Importer(815301076,1909f56bfc062723c751e8b465ee728b)
Start importing Assets/Stylized Modular Weapons/Materials/SMW_Board.mat using Guid(6a0e1a50a9a4a4d4c813214752e78398) Importer(815301076,1909f56bfc062723c751e8b465ee728b)  -> (artifact id: '2918b92895c6b3bdf28474220ce3d86f') in 0.123860 seconds 
========================================================================
Received Import Request.
  Time since last request: 0.000055 seconds.
  path: Assets/Stylized Modular Weapons/Materials/SMW_Muzzles.mat
  artifactKey: Guid(0a8bca9a6f77144558b2c63f68c7d709) Importer(815301076,1909f56bfc062723c751e8b465ee728b)
Start importing Assets/Stylized Modular Weapons/Materials/SMW_Muzzles.mat using Guid(0a8bca9a6f77144558b2c63f68c7d709) Importer(815301076,1909f56bfc062723c751e8b465ee728b)  -> (artifact id: '5037a84a08d99ae82cdcf27bfd2f7ad4') in 0.104414 seconds 
Editor requested this worker to shutdown with reason: Scaling down because of idle timeout
AssetImportWorker is now disconnected from the server
Process exiting
Exiting without the bug reporter. Application will terminate with return code 0