Using pre-set license
Built from '2021.3/staging' branch; Version is '2021.3.0f1 (6eacc8284459) revision 7253192'; Using compiler version '192829333'; Build Type 'Release'
OS: 'Windows 10  (10.0.19044) 64bit CoreSingleLanguage' Language: 'ru' Physical Memory: 7103 MB
BatchMode: 1, IsHumanControllingUs: 0, StartBugReporterOnCrash: 0, Is64bit: 1, IsPro: 1

COMMAND LINE ARGUMENTS:
C:\Program Files\Unity\Hub\Editor\2021.3.0f1\Editor\Unity.exe
-adb2
-batchMode
-noUpm
-name
AssetImportWorker1
-projectPath
C:/Users/alexp/source/repos/UnityLowPolygonShooter-main
-logFile
Logs/AssetImportWorker1.log
-srvPort
52709
Successfully changed project path to: C:/Users/alexp/source/repos/UnityLowPolygonShooter-main
C:/Users/alexp/source/repos/UnityLowPolygonShooter-main
[UnityMemory] Configuration Parameters - Can be set up in boot.config
    "memorysetup-bucket-allocator-granularity=16"
    "memorysetup-bucket-allocator-bucket-count=8"
    "memorysetup-bucket-allocator-block-size=33554432"
    "memorysetup-bucket-allocator-block-count=8"
    "memorysetup-main-allocator-block-size=16777216"
    "memorysetup-thread-allocator-block-size=16777216"
    "memorysetup-gfx-main-allocator-block-size=16777216"
    "memorysetup-gfx-thread-allocator-block-size=16777216"
    "memorysetup-cache-allocator-block-size=4194304"
    "memorysetup-typetree-allocator-block-size=2097152"
    "memorysetup-profiler-bucket-allocator-granularity=16"
    "memorysetup-profiler-bucket-allocator-bucket-count=8"
    "memorysetup-profiler-bucket-allocator-block-size=33554432"
    "memorysetup-profiler-bucket-allocator-block-count=8"
    "memorysetup-profiler-allocator-block-size=16777216"
    "memorysetup-profiler-editor-allocator-block-size=1048576"
    "memorysetup-temp-allocator-size-main=16777216"
    "memorysetup-job-temp-allocator-block-size=2097152"
    "memorysetup-job-temp-allocator-block-size-background=1048576"
    "memorysetup-job-temp-allocator-reduction-small-platforms=262144"
    "memorysetup-temp-allocator-size-background-worker=32768"
    "memorysetup-temp-allocator-size-job-worker=262144"
    "memorysetup-temp-allocator-size-preload-manager=33554432"
    "memorysetup-temp-allocator-size-nav-mesh-worker=65536"
    "memorysetup-temp-allocator-size-audio-worker=65536"
    "memorysetup-temp-allocator-size-cloud-worker=32768"
    "memorysetup-temp-allocator-size-gi-baking-worker=262144"
    "memorysetup-temp-allocator-size-gfx=262144"
Refreshing native plugins compatible for Editor in 200.66 ms, found 3 plugins.
Preloading 0 native plugins for Editor in 0.00 ms.
Initialize engine version: 2021.3.0f1 (6eacc8284459)
[Subsystems] Discovering subsystems at path C:/Program Files/Unity/Hub/Editor/2021.3.0f1/Editor/Data/Resources/UnitySubsystems
[Subsystems] Discovering subsystems at path C:/Users/alexp/source/repos/UnityLowPolygonShooter-main/Assets
GfxDevice: creating device client; threaded=0; jobified=0
Direct3D:
    Version:  Direct3D 11.0 [level 11.1]
    Renderer: AMD Radeon(TM) Vega 8 Graphics (ID=0x15d8)
    Vendor:   ATI
    VRAM:     3551 MB
    Driver:   26.20.11030.24002
Initialize mono
Mono path[0] = 'C:/Program Files/Unity/Hub/Editor/2021.3.0f1/Editor/Data/Managed'
Mono path[1] = 'C:/Program Files/Unity/Hub/Editor/2021.3.0f1/Editor/Data/MonoBleedingEdge/lib/mono/unityjit-win32'
Mono config path = 'C:/Program Files/Unity/Hub/Editor/2021.3.0f1/Editor/Data/MonoBleedingEdge/etc'
Using monoOptions --debugger-agent=transport=dt_socket,embedding=1,server=y,suspend=n,address=127.0.0.1:56088
Begin MonoManager ReloadAssembly
Registering precompiled unity dll's ...
Register platform support module: C:/Program Files/Unity/Hub/Editor/2021.3.0f1/Editor/Data/PlaybackEngines/WebGLSupport/UnityEditor.WebGL.Extensions.dll
Register platform support module: C:/Program Files/Unity/Hub/Editor/2021.3.0f1/Editor/Data/PlaybackEngines/WindowsStandaloneSupport/UnityEditor.WindowsStandalone.Extensions.dll
Registered in 0.044425 seconds.
Native extension for WindowsStandalone target not found
Native extension for WebGL target not found
Refreshing native plugins compatible for Editor in 248.88 ms, found 3 plugins.
Preloading 0 native plugins for Editor in 0.00 ms.
Mono: successfully reloaded assembly
- Completed reload, in  2.113 seconds
Domain Reload Profiling:
	ReloadAssembly (2116ms)
		BeginReloadAssembly (231ms)
			ExecutionOrderSort (0ms)
			DisableScriptedObjects (0ms)
			BackupInstance (0ms)
			ReleaseScriptingObjects (0ms)
			CreateAndSetChildDomain (2ms)
		EndReloadAssembly (1470ms)
			LoadAssemblies (229ms)
			RebuildTransferFunctionScriptingTraits (0ms)
			SetupTypeCache (277ms)
			ReleaseScriptCaches (0ms)
			RebuildScriptCaches (80ms)
			SetupLoadedEditorAssemblies (962ms)
				LogAssemblyErrors (0ms)
				InitializePlatformSupportModulesInManaged (27ms)
				SetLoadedEditorAssemblies (0ms)
				RefreshPlugins (249ms)
				BeforeProcessingInitializeOnLoad (3ms)
				ProcessInitializeOnLoadAttributes (471ms)
				ProcessInitializeOnLoadMethodAttributes (211ms)
				AfterProcessingInitializeOnLoad (0ms)
				EditorAssembliesLoaded (0ms)
			ExecutionOrderSort2 (0ms)
			AwakeInstancesAfterBackupRestoration (0ms)
Platform modules already initialized, skipping
Registering precompiled user dll's ...
Registered in 0.021366 seconds.
Begin MonoManager ReloadAssembly
Symbol file LoadedFromMemory doesn't match image C:\Users\alexp\source\repos\UnityLowPolygonShooter-main\Library\PackageCache\com.unity.visualscripting@1.7.6\Editor\VisualScripting.Core\Dependencies\YamlDotNet\Unity.VisualScripting.YamlDotNet.dll
Symbol file LoadedFromMemory is not a mono symbol file
Symbol file LoadedFromMemory doesn't match image C:\Users\alexp\source\repos\UnityLowPolygonShooter-main\Library\PackageCache\com.unity.visualscripting@1.7.6\Editor\VisualScripting.Core\Dependencies\DotNetZip\Unity.VisualScripting.IonicZip.dll
Native extension for WindowsStandalone target not found
Native extension for WebGL target not found
Refreshing native plugins compatible for Editor in 1.99 ms, found 3 plugins.
Preloading 0 native plugins for Editor in 0.00 ms.
Mono: successfully reloaded assembly
- Completed reload, in  5.364 seconds
Domain Reload Profiling:
	ReloadAssembly (5367ms)
		BeginReloadAssembly (1018ms)
			ExecutionOrderSort (0ms)
			DisableScriptedObjects (26ms)
			BackupInstance (0ms)
			ReleaseScriptingObjects (1ms)
			CreateAndSetChildDomain (141ms)
		EndReloadAssembly (3530ms)
			LoadAssemblies (778ms)
			RebuildTransferFunctionScriptingTraits (0ms)
			SetupTypeCache (822ms)
			ReleaseScriptCaches (2ms)
			RebuildScriptCaches (372ms)
			SetupLoadedEditorAssemblies (1682ms)
				LogAssemblyErrors (0ms)
				InitializePlatformSupportModulesInManaged (42ms)
				SetLoadedEditorAssemblies (1ms)
				RefreshPlugins (2ms)
				BeforeProcessingInitializeOnLoad (241ms)
				ProcessInitializeOnLoadAttributes (1218ms)
				ProcessInitializeOnLoadMethodAttributes (139ms)
				AfterProcessingInitializeOnLoad (38ms)
				EditorAssembliesLoaded (0ms)
			ExecutionOrderSort2 (0ms)
			AwakeInstancesAfterBackupRestoration (50ms)
Platform modules already initialized, skipping
========================================================================
Worker process is ready to serve import requests
Launched and connected shader compiler UnityShaderCompiler.exe after 0.20 seconds
Refreshing native plugins compatible for Editor in 2.08 ms, found 3 plugins.
Preloading 0 native plugins for Editor in 0.00 ms.
Unloading 3416 Unused Serialized files (Serialized files now loaded: 0)
Unloading 25 unused Assets / (467.0 KB). Loaded Objects now: 3906.
Memory consumption went from 143.8 MB to 143.3 MB.
Total: 7.850600 ms (FindLiveObjects: 0.494700 ms CreateObjectMapping: 0.513700 ms MarkObjects: 6.212700 ms  DeleteObjects: 0.625200 ms)

AssetImportParameters requested are different than current active one (requested -> active):
  custom:video-decoder-ogg-theora: a1e56fd34408186e4bbccfd4996cb3dc -> 
  custom:container-muxer-webm: aa71ff27fc2769a1b78a27578f13a17b -> 
  custom:container-demuxer-webm: 4f35f7cbe854078d1ac9338744f61a02 -> 
  custom:video-encoder-webm-vp8: eb34c28f22e8b96e1ab97ce403110664 -> 
  custom:video-codec-MediaFoundation-h265: 746d11721c4dcdbdad8f713fa42b33f4 -> 
  custom:audio-encoder-webm-vorbis: bf7c407c2cedff20999df2af8eb42d56 -> 
  custom:framework-win-MediaFoundation: 216162199b28c13a410421893ffa2e32 -> 
  custom:container-demuxer-ogg: 62fdf1f143b41e24485cea50d1cbac27 -> 
  custom:video-decoder-webm-vp8: 9c59270c3fd7afecdb556c50c9e8de78 -> 
  custom:audio-decoder-ogg-vorbis: bf7c407c2cedff20999df2af8eb42d56 -> 
========================================================================
Received Prepare
Registering precompiled user dll's ...
Registered in 0.010440 seconds.
Begin MonoManager ReloadAssembly
Symbol file LoadedFromMemory doesn't match image C:\Users\alexp\source\repos\UnityLowPolygonShooter-main\Library\PackageCache\com.unity.visualscripting@1.7.6\Editor\VisualScripting.Core\Dependencies\YamlDotNet\Unity.VisualScripting.YamlDotNet.dll
Symbol file LoadedFromMemory is not a mono symbol file
Symbol file LoadedFromMemory doesn't match image C:\Users\alexp\source\repos\UnityLowPolygonShooter-main\Library\PackageCache\com.unity.visualscripting@1.7.6\Editor\VisualScripting.Core\Dependencies\DotNetZip\Unity.VisualScripting.IonicZip.dll
Native extension for WindowsStandalone target not found
Native extension for WebGL target not found
Refreshing native plugins compatible for Editor in 1.85 ms, found 3 plugins.
Preloading 0 native plugins for Editor in 0.00 ms.
Mono: successfully reloaded assembly
- Completed reload, in  1.598 seconds
Domain Reload Profiling:
	ReloadAssembly (1600ms)
		BeginReloadAssembly (284ms)
			ExecutionOrderSort (0ms)
			DisableScriptedObjects (12ms)
			BackupInstance (0ms)
			ReleaseScriptingObjects (0ms)
			CreateAndSetChildDomain (62ms)
		EndReloadAssembly (1144ms)
			LoadAssemblies (201ms)
			RebuildTransferFunctionScriptingTraits (0ms)
			SetupTypeCache (378ms)
			ReleaseScriptCaches (2ms)
			RebuildScriptCaches (54ms)
			SetupLoadedEditorAssemblies (474ms)
				LogAssemblyErrors (0ms)
				InitializePlatformSupportModulesInManaged (24ms)
				SetLoadedEditorAssemblies (1ms)
				RefreshPlugins (2ms)
				BeforeProcessingInitializeOnLoad (89ms)
				ProcessInitializeOnLoadAttributes (301ms)
				ProcessInitializeOnLoadMethodAttributes (42ms)
				AfterProcessingInitializeOnLoad (14ms)
				EditorAssembliesLoaded (0ms)
			ExecutionOrderSort2 (0ms)
			AwakeInstancesAfterBackupRestoration (9ms)
Platform modules already initialized, skipping
Refreshing native plugins compatible for Editor in 3.19 ms, found 3 plugins.
Preloading 0 native plugins for Editor in 0.00 ms.
Unloading 3379 Unused Serialized files (Serialized files now loaded: 0)
Unloading 18 unused Assets / (467.4 KB). Loaded Objects now: 3909.
Memory consumption went from 140.5 MB to 140.0 MB.
Total: 6.545700 ms (FindLiveObjects: 0.449500 ms CreateObjectMapping: 0.418000 ms MarkObjects: 4.953300 ms  DeleteObjects: 0.718800 ms)

AssetImportParameters requested are different than current active one (requested -> active):
  custom:video-decoder-ogg-theora: a1e56fd34408186e4bbccfd4996cb3dc -> 
  custom:container-muxer-webm: aa71ff27fc2769a1b78a27578f13a17b -> 
  custom:container-demuxer-webm: 4f35f7cbe854078d1ac9338744f61a02 -> 
  custom:video-encoder-webm-vp8: eb34c28f22e8b96e1ab97ce403110664 -> 
  custom:video-codec-MediaFoundation-h265: 746d11721c4dcdbdad8f713fa42b33f4 -> 
  custom:audio-encoder-webm-vorbis: bf7c407c2cedff20999df2af8eb42d56 -> 
  custom:framework-win-MediaFoundation: 216162199b28c13a410421893ffa2e32 -> 
  custom:container-demuxer-ogg: 62fdf1f143b41e24485cea50d1cbac27 -> 
  custom:video-decoder-webm-vp8: 9c59270c3fd7afecdb556c50c9e8de78 -> 
  custom:audio-decoder-ogg-vorbis: bf7c407c2cedff20999df2af8eb42d56 -> 
========================================================================
Received Import Request.
  Time since last request: 528220.318734 seconds.
  path: Assets/POLYGON city pack/Meshes,textures/props_FBX/Materials/a.mat
  artifactKey: Guid(fd2f827207f9bfb459c8553827d27121) Importer(815301076,1909f56bfc062723c751e8b465ee728b)
Start importing Assets/POLYGON city pack/Meshes,textures/props_FBX/Materials/a.mat using Guid(fd2f827207f9bfb459c8553827d27121) Importer(815301076,1909f56bfc062723c751e8b465ee728b)  -> (artifact id: 'e5b8731bc782d09832958e44ab8cbbab') in 0.347306 seconds 
========================================================================
Received Import Request.
  Time since last request: 0.000082 seconds.
  path: Assets/TextMesh Pro/Examples & Extras/Resources/Fonts & Materials/Anton SDF - Drop Shadow.mat
  artifactKey: Guid(749b9069dc4742c5bfa5c74644049926) Importer(815301076,1909f56bfc062723c751e8b465ee728b)
Start importing Assets/TextMesh Pro/Examples & Extras/Resources/Fonts & Materials/Anton SDF - Drop Shadow.mat using Guid(749b9069dc4742c5bfa5c74644049926) Importer(815301076,1909f56bfc062723c751e8b465ee728b)  -> (artifact id: '559d09af44786ef5c75c4354d246d274') in 0.254147 seconds 
========================================================================
Received Import Request.
  Time since last request: 0.000099 seconds.
  path: Assets/Standard Assets/Vehicles/Aircraft/Materials/AircraftWingsPropellersWhite.mat
  artifactKey: Guid(ef1216aa37a0cc249a6a6f5abbd25665) Importer(815301076,1909f56bfc062723c751e8b465ee728b)
Start importing Assets/Standard Assets/Vehicles/Aircraft/Materials/AircraftWingsPropellersWhite.mat using Guid(ef1216aa37a0cc249a6a6f5abbd25665) Importer(815301076,1909f56bfc062723c751e8b465ee728b)  -> (artifact id: '2d5bfa20573aa4b5e782a739d75a5f7e') in 0.237071 seconds 
========================================================================
Received Import Request.
  Time since last request: 0.000053 seconds.
  path: Assets/Standard Assets/Vehicles/Aircraft/Materials/AircraftWingsPropellersGrey.mat
  artifactKey: Guid(9cc96cc80c50454429965171ff4e500d) Importer(815301076,1909f56bfc062723c751e8b465ee728b)
Start importing Assets/Standard Assets/Vehicles/Aircraft/Materials/AircraftWingsPropellersGrey.mat using Guid(9cc96cc80c50454429965171ff4e500d) Importer(815301076,1909f56bfc062723c751e8b465ee728b)  -> (artifact id: '0b97243678b5e71d8175787c875a0304') in 0.102666 seconds 
========================================================================
Received Import Request.
  Time since last request: 0.000086 seconds.
  path: Assets/TextMesh Pro/Examples & Extras/Resources/Fonts & Materials/Anton SDF - Sunny Days.mat
  artifactKey: Guid(6522f30e342599e4e9dd4cc2cc03c830) Importer(815301076,1909f56bfc062723c751e8b465ee728b)
Start importing Assets/TextMesh Pro/Examples & Extras/Resources/Fonts & Materials/Anton SDF - Sunny Days.mat using Guid(6522f30e342599e4e9dd4cc2cc03c830) Importer(815301076,1909f56bfc062723c751e8b465ee728b)  -> (artifact id: 'd55374911e1303e9275732f76b5c8654') in 0.306129 seconds 
========================================================================
Received Import Request.
  Time since last request: 0.000077 seconds.
  path: Assets/POLYGON city pack/Prefabs/Props/ATM_prefab.prefab
  artifactKey: Guid(971885f35036d834d9e87999c41920fe) Importer(815301076,1909f56bfc062723c751e8b465ee728b)
Start importing Assets/POLYGON city pack/Prefabs/Props/ATM_prefab.prefab using Guid(971885f35036d834d9e87999c41920fe) Importer(815301076,1909f56bfc062723c751e8b465ee728b)  -> (artifact id: '1258d650ed1c3b7dad39047d2e58e36b') in 0.086439 seconds 
========================================================================
Received Import Request.
  Time since last request: 0.000046 seconds.
  path: Assets/POLYGON city pack/Prefabs/Props/Bank_sign Prefab.prefab
  artifactKey: Guid(d11c03cec4369ea4aa3d29744046d625) Importer(815301076,1909f56bfc062723c751e8b465ee728b)
Start importing Assets/POLYGON city pack/Prefabs/Props/Bank_sign Prefab.prefab using Guid(d11c03cec4369ea4aa3d29744046d625) Importer(815301076,1909f56bfc062723c751e8b465ee728b)  -> (artifact id: '17223ce65395bc67f7c4ff782976b23a') in 0.057554 seconds 
========================================================================
Received Import Request.
  Time since last request: 0.000037 seconds.
  path: Assets/TextMesh Pro/Examples & Extras/Resources/Fonts & Materials/Anton SDF - Outline.mat
  artifactKey: Guid(a00013af81304728b2be1f4309ee2433) Importer(815301076,1909f56bfc062723c751e8b465ee728b)
Start importing Assets/TextMesh Pro/Examples & Extras/Resources/Fonts & Materials/Anton SDF - Outline.mat using Guid(a00013af81304728b2be1f4309ee2433) Importer(815301076,1909f56bfc062723c751e8b465ee728b)  -> (artifact id: '6ec65b00da93100e692670cb44b30b9c') in 0.113425 seconds 
========================================================================
Received Import Request.
  Time since last request: 0.000057 seconds.
  path: Assets/POLYGON city pack/Meshes,textures/props_FBX/Materials/air conditioner.mat
  artifactKey: Guid(23e1939097e91614e957807a174ec241) Importer(815301076,1909f56bfc062723c751e8b465ee728b)
Start importing Assets/POLYGON city pack/Meshes,textures/props_FBX/Materials/air conditioner.mat using Guid(23e1939097e91614e957807a174ec241) Importer(815301076,1909f56bfc062723c751e8b465ee728b)  -> (artifact id: 'f74e9c9b59d952a7740213b6bc9a4dab') in 0.042359 seconds 
========================================================================
Received Import Request.
  Time since last request: 0.000036 seconds.
  path: Assets/POLYGON city pack/Meshes,textures/Buildings_FBX/Materials/anger Stone 1.mat
  artifactKey: Guid(3c9d171695191cf4e8fdf893ac920d95) Importer(815301076,1909f56bfc062723c751e8b465ee728b)
Start importing Assets/POLYGON city pack/Meshes,textures/Buildings_FBX/Materials/anger Stone 1.mat using Guid(3c9d171695191cf4e8fdf893ac920d95) Importer(815301076,1909f56bfc062723c751e8b465ee728b)  -> (artifact id: '57bce8988f91f8fdce26e09c14036cec') in 0.040607 seconds 
========================================================================
Received Import Request.
  Time since last request: 0.000071 seconds.
  path: Assets/POLYGON city pack/Meshes,textures/props_FBX/Materials/air conditioner roof.mat
  artifactKey: Guid(81db9f30112f5fa449c171ddee2aaab6) Importer(815301076,1909f56bfc062723c751e8b465ee728b)
Start importing Assets/POLYGON city pack/Meshes,textures/props_FBX/Materials/air conditioner roof.mat using Guid(81db9f30112f5fa449c171ddee2aaab6) Importer(815301076,1909f56bfc062723c751e8b465ee728b)  -> (artifact id: '55595a65b64bd5794d2f57b859d09bd0') in 0.037671 seconds 
========================================================================
Received Import Request.
  Time since last request: 0.000035 seconds.
  path: Assets/Standard Assets/Characters/ThirdPersonCharacter/Prefabs/AIThirdPersonController.prefab
  artifactKey: Guid(54eb5844754051b40a918a84c33b7c1a) Importer(815301076,1909f56bfc062723c751e8b465ee728b)
Start importing Assets/Standard Assets/Characters/ThirdPersonCharacter/Prefabs/AIThirdPersonController.prefab using Guid(54eb5844754051b40a918a84c33b7c1a) Importer(815301076,1909f56bfc062723c751e8b465ee728b)  -> (artifact id: '2d7396086a79fcd916db57585ce4de74') in 0.310259 seconds 
========================================================================
Received Import Request.
  Time since last request: 0.613154 seconds.
  path: Assets/POLYGON city pack/Prefabs/Props/Big_trash_bin prefab.prefab
  artifactKey: Guid(331560f2206dc024cb084301a19c05ad) Importer(815301076,1909f56bfc062723c751e8b465ee728b)
Start importing Assets/POLYGON city pack/Prefabs/Props/Big_trash_bin prefab.prefab using Guid(331560f2206dc024cb084301a19c05ad) Importer(815301076,1909f56bfc062723c751e8b465ee728b)  -> (artifact id: 'd1fe1ca6888c28c788d8c6ea3e5e76bc') in 0.056916 seconds 
========================================================================
Received Import Request.
  Time since last request: 0.000072 seconds.
  path: Assets/Standard Assets/Prototyping/Prefabs/BlockPrototype04x04x04.prefab
  artifactKey: Guid(ab33e6080ae416b4d899f39fa8951b98) Importer(815301076,1909f56bfc062723c751e8b465ee728b)
Start importing Assets/Standard Assets/Prototyping/Prefabs/BlockPrototype04x04x04.prefab using Guid(ab33e6080ae416b4d899f39fa8951b98) Importer(815301076,1909f56bfc062723c751e8b465ee728b)  -> (artifact id: 'da2434d8bd5c84fa7f15d581954375c2') in 0.079391 seconds 
========================================================================
Received Import Request.
  Time since last request: 0.000060 seconds.
  path: Assets/SampleScenes/Prefabs/BoxSmall.prefab
  artifactKey: Guid(75c27bf47f501a74fa5723911612c226) Importer(815301076,1909f56bfc062723c751e8b465ee728b)
Start importing Assets/SampleScenes/Prefabs/BoxSmall.prefab using Guid(75c27bf47f501a74fa5723911612c226) Importer(815301076,1909f56bfc062723c751e8b465ee728b)  -> (artifact id: '2db50684a3c44476b8df8bd2753b2770') in 0.054361 seconds 
========================================================================
Received Import Request.
  Time since last request: 0.000035 seconds.
  path: Assets/SampleScenes/Prefabs/BoxPile.prefab
  artifactKey: Guid(ff3366103894bec429eeaa9b86b595e6) Importer(815301076,1909f56bfc062723c751e8b465ee728b)
Start importing Assets/SampleScenes/Prefabs/BoxPile.prefab using Guid(ff3366103894bec429eeaa9b86b595e6) Importer(815301076,1909f56bfc062723c751e8b465ee728b)  -> (artifact id: 'd41ed327b4f1838d375682e79c690816') in 0.032820 seconds 
========================================================================
Received Import Request.
  Time since last request: 0.570814 seconds.
  path: Assets/POLYGON city pack/Prefabs/Props/BurgerSho_Sign prefab.prefab
  artifactKey: Guid(331204bcfe96d5f4d83f7bdf75ea0873) Importer(815301076,1909f56bfc062723c751e8b465ee728b)
Start importing Assets/POLYGON city pack/Prefabs/Props/BurgerSho_Sign prefab.prefab using Guid(331204bcfe96d5f4d83f7bdf75ea0873) Importer(815301076,1909f56bfc062723c751e8b465ee728b)  -> (artifact id: 'c0d9535acaba8150ad24e37f20816a40') in 0.038927 seconds 
========================================================================
Received Import Request.
  Time since last request: 0.000060 seconds.
  path: Assets/POLYGON city pack/Prefabs/Props/Bus stop prefab.prefab
  artifactKey: Guid(30916da9dd66da74d8e831f29c0b250f) Importer(815301076,1909f56bfc062723c751e8b465ee728b)
Start importing Assets/POLYGON city pack/Prefabs/Props/Bus stop prefab.prefab using Guid(30916da9dd66da74d8e831f29c0b250f) Importer(815301076,1909f56bfc062723c751e8b465ee728b)  -> (artifact id: '95134d04ca32765e86e33ff47355c80d') in 0.692118 seconds 
========================================================================
Received Import Request.
  Time since last request: 0.000060 seconds.
  path: Assets/Standard Assets/ParticleSystems/Prefabs/Explosion.prefab
  artifactKey: Guid(031d08f52af1daa4f929b85221519426) Importer(815301076,1909f56bfc062723c751e8b465ee728b)
Start importing Assets/Standard Assets/ParticleSystems/Prefabs/Explosion.prefab using Guid(031d08f52af1daa4f929b85221519426) Importer(815301076,1909f56bfc062723c751e8b465ee728b)  -> (artifact id: '767041a49bdc1b025197387944dad478') in 0.126512 seconds 
========================================================================
Received Import Request.
  Time since last request: 0.000046 seconds.
  path: Assets/Standard Assets/ParticleSystems/Prefabs/FlareMobile.prefab
  artifactKey: Guid(ccbcfc705a39717429590a9f247ec30a) Importer(815301076,1909f56bfc062723c751e8b465ee728b)
Start importing Assets/Standard Assets/ParticleSystems/Prefabs/FlareMobile.prefab using Guid(ccbcfc705a39717429590a9f247ec30a) Importer(815301076,1909f56bfc062723c751e8b465ee728b)  -> (artifact id: '999e8585acced326bed0bf47db9489e3') in 0.064836 seconds 
========================================================================
Received Import Request.
  Time since last request: 0.000039 seconds.
  path: Assets/Standard Assets/Prototyping/Prefabs/FloorPrototype64x01x64.prefab
  artifactKey: Guid(3681543e5b0f59742b73073cb379cdc6) Importer(815301076,1909f56bfc062723c751e8b465ee728b)
Start importing Assets/Standard Assets/Prototyping/Prefabs/FloorPrototype64x01x64.prefab using Guid(3681543e5b0f59742b73073cb379cdc6) Importer(815301076,1909f56bfc062723c751e8b465ee728b)  -> (artifact id: 'd25545345ce5ee7923d8373aad013ab8') in 0.050202 seconds 
========================================================================
Received Import Request.
  Time since last request: 0.000059 seconds.
  path: Assets/POLYGON city pack/Prefabs/Props/Bush 2 prefab.prefab
  artifactKey: Guid(6ebfc6898dc70814c86bb78d43e72a9c) Importer(815301076,1909f56bfc062723c751e8b465ee728b)
Start importing Assets/POLYGON city pack/Prefabs/Props/Bush 2 prefab.prefab using Guid(6ebfc6898dc70814c86bb78d43e72a9c) Importer(815301076,1909f56bfc062723c751e8b465ee728b)  -> (artifact id: 'f9112cd34f95db4c0ced11d9fdffb4bb') in 0.062800 seconds 
========================================================================
Received Import Request.
  Time since last request: 0.000050 seconds.
  path: Assets/POLYGON city pack/Prefabs/Props/flower 2 prefab.prefab
  artifactKey: Guid(0f1f4c4f42ef5c74c8dd43866325948d) Importer(815301076,1909f56bfc062723c751e8b465ee728b)
Start importing Assets/POLYGON city pack/Prefabs/Props/flower 2 prefab.prefab using Guid(0f1f4c4f42ef5c74c8dd43866325948d) Importer(815301076,1909f56bfc062723c751e8b465ee728b)  -> (artifact id: '3e6b61e42ac3ac3c8c53675d6e3869e7') in 0.060883 seconds 
========================================================================
Received Import Request.
  Time since last request: 0.000042 seconds.
  path: Assets/Standard Assets/Cameras/Prefabs/FreeLookCameraRig.prefab
  artifactKey: Guid(49a0e923d39ec3c4c8bb97699e2f2903) Importer(815301076,1909f56bfc062723c751e8b465ee728b)
Start importing Assets/Standard Assets/Cameras/Prefabs/FreeLookCameraRig.prefab using Guid(49a0e923d39ec3c4c8bb97699e2f2903) Importer(815301076,1909f56bfc062723c751e8b465ee728b)  -> (artifact id: '60f63980c87a636d3647bbb322fdd882') in 0.016091 seconds 
========================================================================
Received Import Request.
  Time since last request: 0.000034 seconds.
  path: Assets/POLYGON city pack/Prefabs/Props/GlassCola prefab.prefab
  artifactKey: Guid(d55339d5a4e0b8f41a0448068bd26f4e) Importer(815301076,1909f56bfc062723c751e8b465ee728b)
Start importing Assets/POLYGON city pack/Prefabs/Props/GlassCola prefab.prefab using Guid(d55339d5a4e0b8f41a0448068bd26f4e) Importer(815301076,1909f56bfc062723c751e8b465ee728b)  -> (artifact id: 'b0415e590f543a5c5d1774e013ecc06c') in 0.052048 seconds 
========================================================================
Received Import Request.
  Time since last request: 0.000029 seconds.
  path: Assets/Standard Assets/ParticleSystems/Prefabs/Flare.prefab
  artifactKey: Guid(0438351a6e6422d43a09930e9be00ee9) Importer(815301076,1909f56bfc062723c751e8b465ee728b)
Start importing Assets/Standard Assets/ParticleSystems/Prefabs/Flare.prefab using Guid(0438351a6e6422d43a09930e9be00ee9) Importer(815301076,1909f56bfc062723c751e8b465ee728b)  -> (artifact id: 'd7b6002173afffe676f672dd3de63d03') in 0.040033 seconds 
========================================================================
Received Import Request.
  Time since last request: 0.000038 seconds.
  path: Assets/Standard Assets/Cameras/Prefabs/HandheldCamera.prefab
  artifactKey: Guid(a5be31db3f71b0642af74fe491b4bc89) Importer(815301076,1909f56bfc062723c751e8b465ee728b)
Start importing Assets/Standard Assets/Cameras/Prefabs/HandheldCamera.prefab using Guid(a5be31db3f71b0642af74fe491b4bc89) Importer(815301076,1909f56bfc062723c751e8b465ee728b)  -> (artifact id: '0b3080f16a0144f44dbc697583a21c97') in 0.035162 seconds 
========================================================================
Received Import Request.
  Time since last request: 0.000040 seconds.
  path: Assets/Standard Assets/Prototyping/Prefabs/FloorPrototype08x01x08.prefab
  artifactKey: Guid(584a8ef4749c89745b7ae07f3ba7617f) Importer(815301076,1909f56bfc062723c751e8b465ee728b)
Start importing Assets/Standard Assets/Prototyping/Prefabs/FloorPrototype08x01x08.prefab using Guid(584a8ef4749c89745b7ae07f3ba7617f) Importer(815301076,1909f56bfc062723c751e8b465ee728b)  -> (artifact id: 'd6ce54623cc50f047d84024ee196de9f') in 0.053775 seconds 
========================================================================
Received Import Request.
  Time since last request: 0.000048 seconds.
  path: Assets/Standard Assets/Prototyping/Prefabs/CubePrototype04x04x04.prefab
  artifactKey: Guid(5d2e4237b4429b34fae4c9eb3cd9efd5) Importer(815301076,1909f56bfc062723c751e8b465ee728b)
Start importing Assets/Standard Assets/Prototyping/Prefabs/CubePrototype04x04x04.prefab using Guid(5d2e4237b4429b34fae4c9eb3cd9efd5) Importer(815301076,1909f56bfc062723c751e8b465ee728b)  -> (artifact id: '57f0c58dda57180728b38397740839f0') in 0.062305 seconds 
========================================================================
Received Import Request.
  Time since last request: 0.000063 seconds.
  path: Assets/POLYGON city pack/Prefabs/Props/Flower 1 prefab H.prefab
  artifactKey: Guid(b1fb400995a0fe641bd3e5fdfb630751) Importer(815301076,1909f56bfc062723c751e8b465ee728b)
Start importing Assets/POLYGON city pack/Prefabs/Props/Flower 1 prefab H.prefab using Guid(b1fb400995a0fe641bd3e5fdfb630751) Importer(815301076,1909f56bfc062723c751e8b465ee728b)  -> (artifact id: '6353b0f14a95edd222ff9e4ee693412a') in 0.048358 seconds 
========================================================================
Received Import Request.
  Time since last request: 0.000047 seconds.
  path: Assets/POLYGON city pack/Prefabs/Props/Flower 1 prefab E.prefab
  artifactKey: Guid(662342a1f0535f34db513eb61d76ee9f) Importer(815301076,1909f56bfc062723c751e8b465ee728b)
Start importing Assets/POLYGON city pack/Prefabs/Props/Flower 1 prefab E.prefab using Guid(662342a1f0535f34db513eb61d76ee9f) Importer(815301076,1909f56bfc062723c751e8b465ee728b)  -> (artifact id: '826e25dcbdc9bedceb98c0970060e682') in 0.045940 seconds 
========================================================================
Received Import Request.
  Time since last request: 0.000048 seconds.
  path: Assets/SampleScenes/Prefabs/CameraSwitch.prefab
  artifactKey: Guid(fdc378243b95c2144aa66bfc382d1b75) Importer(815301076,1909f56bfc062723c751e8b465ee728b)
Start importing Assets/SampleScenes/Prefabs/CameraSwitch.prefab using Guid(fdc378243b95c2144aa66bfc382d1b75) Importer(815301076,1909f56bfc062723c751e8b465ee728b)  -> (artifact id: 'f17ec3db54fafc445c8dabe4b250ad0a') in 0.065748 seconds 
========================================================================
Received Import Request.
  Time since last request: 0.000063 seconds.
  path: Assets/Standard Assets/ParticleSystems/Prefabs/Fireworks.prefab
  artifactKey: Guid(180149b1a35449044a27b451e816d2de) Importer(815301076,1909f56bfc062723c751e8b465ee728b)
Start importing Assets/Standard Assets/ParticleSystems/Prefabs/Fireworks.prefab using Guid(180149b1a35449044a27b451e816d2de) Importer(815301076,1909f56bfc062723c751e8b465ee728b)  -> (artifact id: '665e4ab0d0ee9af6af5ff94c306be576') in 0.050236 seconds 
========================================================================
Received Import Request.
  Time since last request: 0.000068 seconds.
  path: Assets/POLYGON city pack/Prefabs/Props/Can_cola 1 prefab.prefab
  artifactKey: Guid(81d26dcff31f3ee45a7af58439d44b2e) Importer(815301076,1909f56bfc062723c751e8b465ee728b)
Start importing Assets/POLYGON city pack/Prefabs/Props/Can_cola 1 prefab.prefab using Guid(81d26dcff31f3ee45a7af58439d44b2e) Importer(815301076,1909f56bfc062723c751e8b465ee728b)  -> (artifact id: '898cd075abb30827306b36a5cd6c8a96') in 0.049457 seconds 
========================================================================
Received Import Request.
  Time since last request: 0.000064 seconds.
  path: Assets/POLYGON city pack/Prefabs/Props/fence c prefab.prefab
  artifactKey: Guid(6c59ef0028580ac429571adf93ff0a16) Importer(815301076,1909f56bfc062723c751e8b465ee728b)
Start importing Assets/POLYGON city pack/Prefabs/Props/fence c prefab.prefab using Guid(6c59ef0028580ac429571adf93ff0a16) Importer(815301076,1909f56bfc062723c751e8b465ee728b)  -> (artifact id: 'b34e63e87734fbbdb7c4f97f509f1148') in 0.053830 seconds 
========================================================================
Received Import Request.
  Time since last request: 0.000037 seconds.
  path: Assets/POLYGON city pack/Prefabs/Props/Grass_prefab.prefab
  artifactKey: Guid(e3ee9b4631379bf44b7e076739afa41e) Importer(815301076,1909f56bfc062723c751e8b465ee728b)
Start importing Assets/POLYGON city pack/Prefabs/Props/Grass_prefab.prefab using Guid(e3ee9b4631379bf44b7e076739afa41e) Importer(815301076,1909f56bfc062723c751e8b465ee728b)  -> (artifact id: 'c250d5d6480feb911024fc68700b8982') in 0.053706 seconds 
========================================================================
Received Import Request.
  Time since last request: 0.000033 seconds.
  path: Assets/SampleScenes/Menu/Prefabs/EventSystem.prefab
  artifactKey: Guid(af6c1d82d375aa54c81180d14d62761e) Importer(815301076,1909f56bfc062723c751e8b465ee728b)
Start importing Assets/SampleScenes/Menu/Prefabs/EventSystem.prefab using Guid(af6c1d82d375aa54c81180d14d62761e) Importer(815301076,1909f56bfc062723c751e8b465ee728b)  -> (artifact id: 'c8bcde3ec27eee745ec7e32a2d038313') in 0.021802 seconds 
========================================================================
Received Import Request.
  Time since last request: 0.000040 seconds.
  path: Assets/POLYGON city pack/Prefabs/Props/Grass mass_prefab.prefab
  artifactKey: Guid(e53777a03d3be324ab0664ab7ef3d886) Importer(815301076,1909f56bfc062723c751e8b465ee728b)
Start importing Assets/POLYGON city pack/Prefabs/Props/Grass mass_prefab.prefab using Guid(e53777a03d3be324ab0664ab7ef3d886) Importer(815301076,1909f56bfc062723c751e8b465ee728b)  -> (artifact id: '8db5112cd0352d46debea5f60680c262') in 0.031364 seconds 
========================================================================
Received Import Request.
  Time since last request: 0.000072 seconds.
  path: Assets/Standard Assets/Utility/Prefabs/FramerateCounter.prefab
  artifactKey: Guid(81154777d5417884981849c5243f6c01) Importer(815301076,1909f56bfc062723c751e8b465ee728b)
Start importing Assets/Standard Assets/Utility/Prefabs/FramerateCounter.prefab using Guid(81154777d5417884981849c5243f6c01) Importer(815301076,1909f56bfc062723c751e8b465ee728b)  -> (artifact id: '57e0e161871a2b8e8d5e135741d0eab6') in 0.021786 seconds 
========================================================================
Received Import Request.
  Time since last request: 0.000033 seconds.
  path: Assets/SampleScenes/Prefabs/GoalPosts.prefab
  artifactKey: Guid(6df3f650b33fa604cb3f5923fa50d053) Importer(815301076,1909f56bfc062723c751e8b465ee728b)
Start importing Assets/SampleScenes/Prefabs/GoalPosts.prefab using Guid(6df3f650b33fa604cb3f5923fa50d053) Importer(815301076,1909f56bfc062723c751e8b465ee728b)  -> (artifact id: '8c5eb72794d08c7e46ba33f5d9f2675d') in 0.059446 seconds 
========================================================================
Received Import Request.
  Time since last request: 0.000041 seconds.
  path: Assets/Standard Assets/2D/Prefabs/CharacterRobotBoy.prefab
  artifactKey: Guid(87a2357765801c34292d6718d8b4d770) Importer(815301076,1909f56bfc062723c751e8b465ee728b)
Start importing Assets/Standard Assets/2D/Prefabs/CharacterRobotBoy.prefab using Guid(87a2357765801c34292d6718d8b4d770) Importer(815301076,1909f56bfc062723c751e8b465ee728b)  -> (artifact id: 'b95743ba905d1dfca6d963b4401e2760') in 0.275926 seconds 
========================================================================
Received Import Request.
  Time since last request: 0.000049 seconds.
  path: Assets/Standard Assets/ParticleSystems/Prefabs/HoseMobile.prefab
  artifactKey: Guid(4dbf077105ba797428d118320f2a10aa) Importer(815301076,1909f56bfc062723c751e8b465ee728b)
Start importing Assets/Standard Assets/ParticleSystems/Prefabs/HoseMobile.prefab using Guid(4dbf077105ba797428d118320f2a10aa) Importer(815301076,1909f56bfc062723c751e8b465ee728b)  -> (artifact id: '115385d6f73f74015b52a46f71d267e4') in 0.036425 seconds 
========================================================================
Received Import Request.
  Time since last request: 0.000047 seconds.
  path: Assets/Standard Assets/Prototyping/Prefabs/RampPrototype04x02x02.prefab
  artifactKey: Guid(4e11ef4f39bc65e44a4b0755ecac6ea1) Importer(815301076,1909f56bfc062723c751e8b465ee728b)
Start importing Assets/Standard Assets/Prototyping/Prefabs/RampPrototype04x02x02.prefab using Guid(4e11ef4f39bc65e44a4b0755ecac6ea1) Importer(815301076,1909f56bfc062723c751e8b465ee728b)  -> (artifact id: 'ace657bc7d12f0bcd186f455c77abc03') in 0.044302 seconds 
========================================================================
Received Import Request.
  Time since last request: 0.000038 seconds.
  path: Assets/POLYGON city pack/Prefabs/traffic signs/road traffic sign.prefab
  artifactKey: Guid(5aa09168234dce04fb87af766863e32b) Importer(815301076,1909f56bfc062723c751e8b465ee728b)
Start importing Assets/POLYGON city pack/Prefabs/traffic signs/road traffic sign.prefab using Guid(5aa09168234dce04fb87af766863e32b) Importer(815301076,1909f56bfc062723c751e8b465ee728b)  -> (artifact id: '9eb60e3e7dd84f2156901f4e09da1203') in 0.057312 seconds 
========================================================================
Received Import Request.
  Time since last request: 0.000043 seconds.
  path: Assets/POLYGON city pack/Prefabs/Props/hedge prefab.prefab
  artifactKey: Guid(3f544eaa13dc7074cba3aed998b27842) Importer(815301076,1909f56bfc062723c751e8b465ee728b)
Start importing Assets/POLYGON city pack/Prefabs/Props/hedge prefab.prefab using Guid(3f544eaa13dc7074cba3aed998b27842) Importer(815301076,1909f56bfc062723c751e8b465ee728b)  -> (artifact id: '07bbf3459aa001cce84df8e0460b6a28') in 0.037950 seconds 
========================================================================
Received Import Request.
  Time since last request: 0.000048 seconds.
  path: Assets/SampleScenes/Prefabs/CameraSwitchUI.prefab
  artifactKey: Guid(b3495d363d7ccba40bc3e92c1a184e28) Importer(815301076,1909f56bfc062723c751e8b465ee728b)
Start importing Assets/SampleScenes/Prefabs/CameraSwitchUI.prefab using Guid(b3495d363d7ccba40bc3e92c1a184e28) Importer(815301076,1909f56bfc062723c751e8b465ee728b)  -> (artifact id: 'f4a6bc555b2db5894c8442b079c01d36') in 0.018822 seconds 
========================================================================
Received Import Request.
  Time since last request: 0.000037 seconds.
  path: Assets/POLYGON city pack/Prefabs/Props/Fence_B_1 prefab.prefab
  artifactKey: Guid(a0c9730978f0d194c9b79ac6b6aa2c60) Importer(815301076,1909f56bfc062723c751e8b465ee728b)
Start importing Assets/POLYGON city pack/Prefabs/Props/Fence_B_1 prefab.prefab using Guid(a0c9730978f0d194c9b79ac6b6aa2c60) Importer(815301076,1909f56bfc062723c751e8b465ee728b)  -> (artifact id: '7b4c828e78783607b3271d6d3e2d5d9f') in 0.047024 seconds 
========================================================================
Received Import Request.
  Time since last request: 0.000047 seconds.
  path: Assets/POLYGON city pack/Prefabs/Props/Power_poles prefab.prefab
  artifactKey: Guid(ad77b71bebe086d48ab3d1cd35b2746b) Importer(815301076,1909f56bfc062723c751e8b465ee728b)
Start importing Assets/POLYGON city pack/Prefabs/Props/Power_poles prefab.prefab using Guid(ad77b71bebe086d48ab3d1cd35b2746b) Importer(815301076,1909f56bfc062723c751e8b465ee728b)  -> (artifact id: '2856721d878cf45997ebbe556559c9ff') in 0.062674 seconds 
========================================================================
Received Import Request.
  Time since last request: 0.000039 seconds.
  path: Assets/Standard Assets/CrossPlatformInput/Prefabs/DualTouchControls.prefab
  artifactKey: Guid(2169821f0567671499a5c10104c69c24) Importer(815301076,1909f56bfc062723c751e8b465ee728b)
Start importing Assets/Standard Assets/CrossPlatformInput/Prefabs/DualTouchControls.prefab using Guid(2169821f0567671499a5c10104c69c24) Importer(815301076,1909f56bfc062723c751e8b465ee728b)  -> (artifact id: 'b03ced2633d9c429453ef8cbc91afe1e') in 0.061312 seconds 
========================================================================
Received Import Request.
  Time since last request: 0.000058 seconds.
  path: Assets/SampleScenes/Prefabs/ResetterUI.prefab
  artifactKey: Guid(28e490010bed5ea47a8a69e81bdd0c1c) Importer(815301076,1909f56bfc062723c751e8b465ee728b)
Start importing Assets/SampleScenes/Prefabs/ResetterUI.prefab using Guid(28e490010bed5ea47a8a69e81bdd0c1c) Importer(815301076,1909f56bfc062723c751e8b465ee728b)  -> (artifact id: '418964e6a10fa51dfe51d8bdd3442aea') in 0.022467 seconds 
========================================================================
Received Import Request.
  Time since last request: 0.000052 seconds.
  path: Assets/Standard Assets/2D/Prefabs/CratePink.prefab
  artifactKey: Guid(18fcd494ab71841d695135246693eb3a) Importer(815301076,1909f56bfc062723c751e8b465ee728b)
Start importing Assets/Standard Assets/2D/Prefabs/CratePink.prefab using Guid(18fcd494ab71841d695135246693eb3a) Importer(815301076,1909f56bfc062723c751e8b465ee728b)  -> (artifact id: '53387e3b5573b489f545391dcc9b6fc1') in 0.074312 seconds 
========================================================================
Received Import Request.
  Time since last request: 0.000074 seconds.
  path: Assets/Standard Assets/Prototyping/Prefabs/FloorPrototype04x01x04.prefab
  artifactKey: Guid(4620f3c93dca8c94c9124d8ba443f43e) Importer(815301076,1909f56bfc062723c751e8b465ee728b)
Start importing Assets/Standard Assets/Prototyping/Prefabs/FloorPrototype04x01x04.prefab using Guid(4620f3c93dca8c94c9124d8ba443f43e) Importer(815301076,1909f56bfc062723c751e8b465ee728b)  -> (artifact id: '6c336b40b1102193823e215ea1241813') in 0.047885 seconds 
========================================================================
Received Import Request.
  Time since last request: 0.000047 seconds.
  path: Assets/Standard Assets/Cameras/Prefabs/CctvCamera.prefab
  artifactKey: Guid(851d11542d51c464e89acf6875599172) Importer(815301076,1909f56bfc062723c751e8b465ee728b)
Start importing Assets/Standard Assets/Cameras/Prefabs/CctvCamera.prefab using Guid(851d11542d51c464e89acf6875599172) Importer(815301076,1909f56bfc062723c751e8b465ee728b)  -> (artifact id: 'e05c4abd0a4e37ce11f1dfeac53d2f28') in 0.023368 seconds 
========================================================================
Received Import Request.
  Time since last request: 0.000043 seconds.
  path: Assets/POLYGON city pack/Prefabs/Props/hedge_curve prefab.prefab
  artifactKey: Guid(f2a4c4a6f1e89a74a995f3108da5be04) Importer(815301076,1909f56bfc062723c751e8b465ee728b)
Start importing Assets/POLYGON city pack/Prefabs/Props/hedge_curve prefab.prefab using Guid(f2a4c4a6f1e89a74a995f3108da5be04) Importer(815301076,1909f56bfc062723c751e8b465ee728b)  -> (artifact id: '0a3b27bbc5ddf33237db1dfc2ceee6b9') in 0.062664 seconds 
========================================================================
Received Import Request.
  Time since last request: 0.000057 seconds.
  path: Assets/Standard Assets/ParticleSystems/Prefabs/DustStormMobile.prefab
  artifactKey: Guid(ed1c797ec3736704db03a0d64d010e33) Importer(815301076,1909f56bfc062723c751e8b465ee728b)
Start importing Assets/Standard Assets/ParticleSystems/Prefabs/DustStormMobile.prefab using Guid(ed1c797ec3736704db03a0d64d010e33) Importer(815301076,1909f56bfc062723c751e8b465ee728b)  -> (artifact id: 'af9a33e37e2f235c4f4cfcb75c0111d2') in 0.060637 seconds 
========================================================================
Received Import Request.
  Time since last request: 0.000069 seconds.
  path: Assets/POLYGON city pack/Prefabs/Props/drain 1 prefab.prefab
  artifactKey: Guid(0222be6389069a24db934273f2a9f031) Importer(815301076,1909f56bfc062723c751e8b465ee728b)
Start importing Assets/POLYGON city pack/Prefabs/Props/drain 1 prefab.prefab using Guid(0222be6389069a24db934273f2a9f031) Importer(815301076,1909f56bfc062723c751e8b465ee728b)  -> (artifact id: '24074a87067a42175e4a7b4fffeb20f0') in 0.088788 seconds 
========================================================================
Received Import Request.
  Time since last request: 0.000088 seconds.
  path: Assets/POLYGON city pack/Prefabs/Props/Can_cola 2 prefab.prefab
  artifactKey: Guid(95ad7e2cecb192d43a4a02f1b422beed) Importer(815301076,1909f56bfc062723c751e8b465ee728b)
Start importing Assets/POLYGON city pack/Prefabs/Props/Can_cola 2 prefab.prefab using Guid(95ad7e2cecb192d43a4a02f1b422beed) Importer(815301076,1909f56bfc062723c751e8b465ee728b)  -> (artifact id: '40c8c3657fcea2c3c4bce7cd6c4fdd70') in 0.069139 seconds 
========================================================================
Received Import Request.
  Time since last request: 2.677145 seconds.
  path: Assets/POLYGON city pack/Meshes,textures/Shops_FBX/SUper_maket_texture.png
  artifactKey: Guid(264d7fe2bc1a35440a81b0410f096baa) Importer(815301076,1909f56bfc062723c751e8b465ee728b)
Start importing Assets/POLYGON city pack/Meshes,textures/Shops_FBX/SUper_maket_texture.png using Guid(264d7fe2bc1a35440a81b0410f096baa) Importer(815301076,1909f56bfc062723c751e8b465ee728b)  -> (artifact id: 'bd27bb618d07761a7fa58a4e4f2b0f7a') in 0.116484 seconds 
========================================================================
Received Import Request.
  Time since last request: 0.000036 seconds.
  path: Assets/POLYGON city pack/Meshes,textures/Shops_FBX/Supermaket.fbx
  artifactKey: Guid(7a2a20b7d787ff94dbb3d2badebe5d32) Importer(815301076,1909f56bfc062723c751e8b465ee728b)
Start importing Assets/POLYGON city pack/Meshes,textures/Shops_FBX/Supermaket.fbx using Guid(7a2a20b7d787ff94dbb3d2badebe5d32) Importer(815301076,1909f56bfc062723c751e8b465ee728b)  -> (artifact id: 'c12fb991b8c223dc841fd54aba0a55af') in 0.181932 seconds 
========================================================================
Received Import Request.
  Time since last request: 34.681514 seconds.
  path: Assets/Standard Assets/Environment/SpeedTree/Broadleaf/Cap_01_Normal.tga
  artifactKey: Guid(55e2334423fefa34fb4916f6780413d3) Importer(815301076,1909f56bfc062723c751e8b465ee728b)
Start importing Assets/Standard Assets/Environment/SpeedTree/Broadleaf/Cap_01_Normal.tga using Guid(55e2334423fefa34fb4916f6780413d3) Importer(815301076,1909f56bfc062723c751e8b465ee728b)  -> (artifact id: '7eb8ce3eb06c43798d3a2e03b77a1066') in 0.060165 seconds 
========================================================================
Received Import Request.
  Time since last request: 0.000050 seconds.
  path: Assets/POLYGON city pack/Meshes,textures/props_FBX/Flower 1 purple mix 1.png
  artifactKey: Guid(ad6ea5a68d1b66f4faec6f50cd8d7b33) Importer(815301076,1909f56bfc062723c751e8b465ee728b)
Start importing Assets/POLYGON city pack/Meshes,textures/props_FBX/Flower 1 purple mix 1.png using Guid(ad6ea5a68d1b66f4faec6f50cd8d7b33) Importer(815301076,1909f56bfc062723c751e8b465ee728b)  -> (artifact id: '2360cc50ae3f833be865ff5095e74173') in 0.030780 seconds 
========================================================================
Received Import Request.
  Time since last request: 0.000033 seconds.
  path: Assets/POLYGON city pack/Meshes,textures/props_FBX/Materials/Flower 1 blue mix.mat
  artifactKey: Guid(143b1724ce3ad7948897d5f1634ca2f0) Importer(815301076,1909f56bfc062723c751e8b465ee728b)
Start importing Assets/POLYGON city pack/Meshes,textures/props_FBX/Materials/Flower 1 blue mix.mat using Guid(143b1724ce3ad7948897d5f1634ca2f0) Importer(815301076,1909f56bfc062723c751e8b465ee728b)  -> (artifact id: '8092f47e1c7ce325052c2248b602c2dd') in 0.043786 seconds 
Editor requested this worker to shutdown with reason: Scaling down because of idle timeout
AssetImportWorker is now disconnected from the server
Process exiting
Exiting without the bug reporter. Application will terminate with return code 0